<?xml version="1.0" encoding="UTF-8"?>
<!-- Generated by org.testng.reporters.JUnitReportReporter -->
<testsuite hostname="Rachit" name="amazon.assignment.test.KindleTest" tests="1" failures="0" timestamp="20 Oct 2018 07:27:53 GMT" time="38.095" errors="0">
  <testcase name="kindleTest" time="38.095" classname="amazon.assignment.test.KindleTest"/>
</testsuite> <!-- amazon.assignment.test.KindleTest -->
