<?xml version="1.0" encoding="UTF-8"?>
<!-- Generated by org.testng.reporters.JUnitReportReporter -->
<testsuite hostname="Rachit" name="amazon.assignment.test.KindleTest2" tests="1" failures="0" timestamp="18 Oct 2018 11:03:34 GMT" time="60.006" errors="0">
  <testcase name="kindleTest" time="60.006" classname="amazon.assignment.test.KindleTest2"/>
</testsuite> <!-- amazon.assignment.test.KindleTest2 -->
